[2023-10-21T12:12:39.620+0000] {taskinstance.py:1159} INFO - Dependencies all met for dep_context=non-requeueable deps ti=<TaskInstance: first_dagg.scrape_data manual__2023-10-21T12:12:38.582194+00:00 [queued]>
[2023-10-21T12:12:39.629+0000] {taskinstance.py:1159} INFO - Dependencies all met for dep_context=requeueable deps ti=<TaskInstance: first_dagg.scrape_data manual__2023-10-21T12:12:38.582194+00:00 [queued]>
[2023-10-21T12:12:39.630+0000] {taskinstance.py:1361} INFO - Starting attempt 1 of 1
[2023-10-21T12:12:39.648+0000] {taskinstance.py:1382} INFO - Executing <Task(BashOperator): scrape_data> on 2023-10-21 12:12:38.582194+00:00
[2023-10-21T12:12:39.654+0000] {standard_task_runner.py:57} INFO - Started process 2490 to run task
[2023-10-21T12:12:39.657+0000] {standard_task_runner.py:84} INFO - Running: ['***', 'tasks', 'run', 'first_dagg', 'scrape_data', 'manual__2023-10-21T12:12:38.582194+00:00', '--job-id', '16', '--raw', '--subdir', 'DAGS_FOLDER/first_dags.py', '--cfg-path', '/tmp/tmpz9owiobs']
[2023-10-21T12:12:39.659+0000] {standard_task_runner.py:85} INFO - Job 16: Subtask scrape_data
[2023-10-21T12:12:39.698+0000] {task_command.py:416} INFO - Running <TaskInstance: first_dagg.scrape_data manual__2023-10-21T12:12:38.582194+00:00 [running]> on host 694ad72b43d0
[2023-10-21T12:12:39.771+0000] {taskinstance.py:1662} INFO - Exporting env vars: AIRFLOW_CTX_DAG_OWNER='me' AIRFLOW_CTX_DAG_ID='first_dagg' AIRFLOW_CTX_TASK_ID='scrape_data' AIRFLOW_CTX_EXECUTION_DATE='2023-10-21T12:12:38.582194+00:00' AIRFLOW_CTX_TRY_NUMBER='1' AIRFLOW_CTX_DAG_RUN_ID='manual__2023-10-21T12:12:38.582194+00:00'
[2023-10-21T12:12:39.779+0000] {taskinstance.py:1937} ERROR - Task failed with exception
Traceback (most recent call last):
  File "/home/airflow/.local/lib/python3.8/site-packages/airflow/operators/bash.py", line 197, in execute
    raise AirflowException(f"Can not find the cwd: {self.cwd}")
airflow.exceptions.AirflowException: Can not find the cwd: /home/vertikal/data_science/web_scrap/rumah/rumah/
[2023-10-21T12:12:39.782+0000] {taskinstance.py:1400} INFO - Marking task as FAILED. dag_id=first_dagg, task_id=scrape_data, execution_date=20231021T121238, start_date=20231021T121239, end_date=20231021T121239
[2023-10-21T12:12:39.792+0000] {standard_task_runner.py:104} ERROR - Failed to execute job 16 for task scrape_data (Can not find the cwd: /home/vertikal/data_science/web_scrap/rumah/rumah/; 2490)
[2023-10-21T12:12:39.828+0000] {local_task_job_runner.py:228} INFO - Task exited with return code 1
[2023-10-21T12:12:39.844+0000] {taskinstance.py:2778} INFO - 0 downstream tasks scheduled from follow-on schedule check
